2025-06-13 13:17:05.828Z: Host information
2025-06-13 13:17:05.828Z: ----------------
2025-06-13 13:17:05.828Z: OS: Ubuntu 22.04.5 LTS (stable release)
2025-06-13 13:17:05.828Z: Image details: https://github.com/github/codespaces-host-images/blob/main/README.md
2025-06-13 13:17:05.828Z: ----------------

=================================================================================
2025-06-13 13:17:05.828Z: Configuration starting...
2025-06-13 13:17:05.873Z: Cloning...
2025-06-13 13:17:06.756Z: Using image: mcr.microsoft.com/devcontainers/universal

=================================================================================
2025-06-13 13:17:06.775Z: Creating container...

=================================================================================
2025-06-13 13:17:07.394Z: Running blocking commands...
2025-06-13 13:17:07.446Z: $ devcontainer up --id-label Type=codespaces --workspace-folder /var/lib/docker/codespacemount/workspace/codespaces-blank --mount type=bind,source=/.codespaces/agent/mount/cache,target=/vscode --user-data-folder /var/lib/docker/codespacemount/.persistedshare --container-data-folder .vscode-remote/data/Machine --container-system-data-folder /var/vscode-remote --log-level trace --log-format json --update-remote-user-uid-default never --mount-workspace-git-root false --omit-config-remote-env-from-metadata --skip-non-blocking-commands --expect-existing-container --override-config /root/.codespaces/shared/merged_devcontainer.json --default-user-env-probe loginInteractiveShell --container-session-data-folder /workspaces/.codespaces/.persistedshare/devcontainers-cli/cache --secrets-file /root/.codespaces/shared/user-secrets-envs.json
2025-06-13 13:17:07.716Z: @devcontainers/cli 0.76.0. Node.js v18.20.8. linux 6.8.0-1027-azure x64.
2025-06-13 13:17:08.087Z: Outcome: success User: codespace WorkspaceFolder: /workspaces/codespaces-blank
2025-06-13 13:17:08.110Z: devcontainer process exited with exit code 0

=================================================================================
2025-06-13 13:17:08.159Z: Configuring codespace...
2025-06-13 13:17:08.159Z: Running oryx...

=================================================================================
2025-06-13 13:17:13.784Z: Running commands...
2025-06-13 13:17:13.784Z: $ devcontainer up --id-label Type=codespaces --workspace-folder /var/lib/docker/codespacemount/workspace/codespaces-blank --expect-existing-container --skip-post-attach --mount type=bind,source=/.codespaces/agent/mount/cache,target=/vscode --container-data-folder .vscode-remote/data/Machine --container-system-data-folder /var/vscode-remote --log-level trace --log-format json --update-remote-user-uid-default never --mount-workspace-git-root false --override-config /root/.codespaces/shared/merged_devcontainer.json --default-user-env-probe loginInteractiveShell --container-session-data-folder /workspaces/.codespaces/.persistedshare/devcontainers-cli/cache --secrets-file /root/.codespaces/shared/user-secrets-envs.json
2025-06-13 13:17:14.018Z: @devcontainers/cli 0.76.0. Node.js v18.20.8. linux 6.8.0-1027-azure x64.
2025-06-13 13:17:14.336Z: Running the postCreateCommand from Feature 'ghcr.io/devcontainers/features/git-lfs:1'...

2025-06-13 13:17:14.336Z: /usr/local/share/pull-git-lfs-artifacts.sh
2025-06-13 13:17:15.621Z: Fetching git lfs artifacts...
2025-06-13 13:17:16.672Z: (!) Skipping automatic 'git lfs pull' because no git lfs files were detected
2025-06-13 13:17:16.691Z: Outcome: success User: codespace WorkspaceFolder: /workspaces/codespaces-blank
2025-06-13 13:17:16.729Z: devcontainer process exited with exit code 0

=================================================================================
2025-06-13 13:17:16.729Z: Finished configuring codespace.
